2025-03-07 06:07:41,996 DEBUG    root            Loaded Command Group: ['gcloud', 'compute']
2025-03-07 06:07:42,254 DEBUG    root            Loaded Command Group: ['gcloud', 'compute', 'instances']
2025-03-07 06:07:42,513 DEBUG    root            Loaded Command Group: ['gcloud', 'compute', 'instances', 'list']
2025-03-07 06:07:42,748 DEBUG    root            Running [gcloud.compute.instances.list] with arguments: []
2025-03-07 06:07:43,746 DEBUG    google.auth.transport.requests Making request: GET http://metadata.google.internal/computeMetadata/v1/instance/service-accounts/60795667798-compute@developer.gserviceaccount.com/?recursive=true
2025-03-07 06:07:43,751 DEBUG    urllib3.connectionpool Starting new HTTP connection (1): metadata.google.internal:80
2025-03-07 06:07:43,753 DEBUG    urllib3.connectionpool http://metadata.google.internal:80 "GET /computeMetadata/v1/instance/service-accounts/60795667798-compute@developer.gserviceaccount.com/?recursive=true HTTP/11" 200 196
2025-03-07 06:07:43,755 DEBUG    google.auth.transport.requests Making request: GET http://metadata.google.internal/computeMetadata/v1/instance/service-accounts/60795667798-compute@developer.gserviceaccount.com/token
2025-03-07 06:07:43,757 DEBUG    urllib3.connectionpool http://metadata.google.internal:80 "GET /computeMetadata/v1/instance/service-accounts/60795667798-compute@developer.gserviceaccount.com/token HTTP/11" 200 870
2025-03-07 06:07:49,505 DEBUG    root            Chosen display Format:    table(
      name,
      zone.basename(),
      machineType.machine_type().basename(),
      scheduling.preemptible.yesno(yes=true, no=''),
      networkInterfaces.internal_ip():label=INTERNAL_IP,
      external_ip():label=EXTERNAL_IP,
      status
    )
2025-03-07 06:07:49,507 INFO     root            Display format: "    table(
      name,
      zone.basename(),
      machineType.machine_type().basename(),
      scheduling.preemptible.yesno(yes=true, no=''),
      networkInterfaces.internal_ip():label=INTERNAL_IP,
      external_ip():label=EXTERNAL_IP,
      status
    )"
2025-03-07 06:07:49,510 DEBUG    urllib3.connectionpool Starting new HTTPS connection (1): compute.googleapis.com:443
2025-03-07 06:07:49,525 INFO     ___FILE_ONLY___ 

Command killed by keyboard interrupt


