0 verbose cli /usr/bin/node /usr/bin/npm
1 info using npm@9.2.0
2 info using node@v18.19.0
3 timing npm:load:whichnode Completed in 0ms
4 timing config:load:defaults Completed in 2ms
5 timing config:load:file:/usr/share/nodejs/npm/npmrc Completed in 4ms
6 timing config:load:builtin Completed in 4ms
7 timing config:load:cli Completed in 3ms
8 timing config:load:env Completed in 0ms
9 timing config:load:project Completed in 3ms
10 timing config:load:file:/home/gh30212/.npmrc Completed in 0ms
11 timing config:load:user Completed in 0ms
12 timing config:load:file:/etc/npmrc Completed in 0ms
13 timing config:load:global Completed in 0ms
14 timing config:load:setEnvs Completed in 1ms
15 timing config:load Completed in 14ms
16 timing npm:load:configload Completed in 15ms
17 timing npm:load:mkdirpcache Completed in 1ms
18 timing npm:load:mkdirplogs Completed in 1ms
19 verbose title npm init
20 verbose argv "init" "--yes"
21 timing npm:load:setTitle Completed in 2ms
22 timing config:load:flatten Completed in 4ms
23 timing npm:load:display Completed in 5ms
24 verbose logfile logs-max:10 dir:/home/gh30212/.npm/_logs/2025-03-13T18_14_30_817Z-
25 verbose logfile /home/gh30212/.npm/_logs/2025-03-13T18_14_30_817Z-debug-0.log
26 timing npm:load:logFile Completed in 7ms
27 timing npm:load:timers Completed in 0ms
28 timing npm:load:configScope Completed in 1ms
29 timing npm:load Completed in 32ms
30 silly logfile done cleaning log files
31 timing config:load:flatten Completed in 1ms
32 silly package data {
32 silly package data   dependencies: { express: '^4.21.2' },
32 silly package data   name: 'gh30212',
32 silly package data   version: '1.0.0',
32 silly package data   main: 'app.js',
32 silly package data   devDependencies: {},
32 silly package data   scripts: { test: 'echo "Error: no test specified" && exit 1' },
32 silly package data   keywords: [],
32 silly package data   author: '',
32 silly package data   license: 'ISC',
32 silly package data   description: '',
32 silly package data   [Symbol(newline)]: '\n',
32 silly package data   [Symbol(indent)]: '  '
32 silly package data }
33 info init written successfully
34 timing command:init Completed in 42ms
35 verbose exit 0
36 timing npm Completed in 124ms
37 info ok
