0 verbose cli /usr/bin/node /usr/bin/npm
1 info using npm@9.2.0
2 info using node@v18.19.0
3 timing npm:load:whichnode Completed in 0ms
4 timing config:load:defaults Completed in 2ms
5 timing config:load:file:/usr/share/nodejs/npm/npmrc Completed in 4ms
6 timing config:load:builtin Completed in 5ms
7 timing config:load:cli Completed in 1ms
8 timing config:load:env Completed in 0ms
9 timing config:load:file:/home/gh30212/homapage/.npmrc Completed in 0ms
10 timing config:load:project Completed in 6ms
11 timing config:load:file:/home/gh30212/.npmrc Completed in 0ms
12 timing config:load:user Completed in 1ms
13 timing config:load:file:/etc/npmrc Completed in 0ms
14 timing config:load:global Completed in 0ms
15 timing config:load:setEnvs Completed in 1ms
16 timing config:load Completed in 18ms
17 timing npm:load:configload Completed in 19ms
18 timing npm:load:mkdirpcache Completed in 1ms
19 timing npm:load:mkdirplogs Completed in 0ms
20 verbose title npm install express
21 verbose argv "install" "express"
22 timing npm:load:setTitle Completed in 2ms
23 timing config:load:flatten Completed in 4ms
24 timing npm:load:display Completed in 5ms
25 verbose logfile logs-max:10 dir:/home/gh30212/.npm/_logs/2025-03-13T18_15_19_485Z-
26 verbose logfile /home/gh30212/.npm/_logs/2025-03-13T18_15_19_485Z-debug-0.log
27 timing npm:load:logFile Completed in 6ms
28 timing npm:load:timers Completed in 0ms
29 timing npm:load:configScope Completed in 0ms
30 timing npm:load Completed in 35ms
31 silly logfile done cleaning log files
32 timing config:load:flatten Completed in 0ms
33 timing arborist:ctor Completed in 1ms
34 timing arborist:ctor Completed in 1ms
35 timing idealTree:init Completed in 15ms
36 timing idealTree:userRequests Completed in 6ms
37 silly idealTree buildDeps
38 silly fetch manifest express@*
39 http fetch GET 200 https://registry.npmjs.org/express 306ms (cache updated)
40 silly placeDep ROOT express@4.21.2 OK for: homapage@1.0.0 want: *
41 silly fetch manifest qs@6.13.0
42 silly fetch manifest depd@2.0.0
43 silly fetch manifest etag@~1.8.1
44 silly fetch manifest send@0.19.0
45 silly fetch manifest vary@~1.1.2
46 silly fetch manifest debug@2.6.9
47 silly fetch manifest fresh@0.5.2
48 silly fetch manifest cookie@0.7.1
49 silly fetch manifest accepts@~1.3.8
50 silly fetch manifest methods@~1.1.2
51 silly fetch manifest type-is@~1.6.18
52 silly fetch manifest parseurl@~1.3.3
53 silly fetch manifest statuses@2.0.1
54 silly fetch manifest encodeurl@~2.0.0
55 silly fetch manifest proxy-addr@~2.0.7
56 silly fetch manifest body-parser@1.20.3
57 silly fetch manifest escape-html@~1.0.3
58 silly fetch manifest http-errors@2.0.0
59 silly fetch manifest on-finished@2.4.1
60 silly fetch manifest safe-buffer@5.2.1
61 silly fetch manifest utils-merge@1.0.1
62 silly fetch manifest content-type@~1.0.4
63 silly fetch manifest finalhandler@1.3.1
64 silly fetch manifest range-parser@~1.2.1
65 silly fetch manifest serve-static@1.16.2
66 silly fetch manifest array-flatten@1.1.1
67 silly fetch manifest path-to-regexp@0.1.12
68 silly fetch manifest setprototypeof@1.2.0
69 silly fetch manifest cookie-signature@1.0.6
70 silly fetch manifest merge-descriptors@1.0.3
71 silly fetch manifest content-disposition@0.5.4
72 http fetch GET 200 https://registry.npmjs.org/vary 163ms (cache updated)
73 http fetch GET 200 https://registry.npmjs.org/utils-merge 215ms (cache updated)
74 http fetch GET 200 https://registry.npmjs.org/methods 300ms (cache updated)
75 http fetch GET 200 https://registry.npmjs.org/escape-html 356ms (cache updated)
76 http fetch GET 200 https://registry.npmjs.org/fresh 364ms (cache updated)
77 http fetch GET 200 https://registry.npmjs.org/etag 368ms (cache updated)
78 http fetch GET 200 https://registry.npmjs.org/depd 374ms (cache updated)
79 http fetch GET 200 https://registry.npmjs.org/statuses 369ms (cache updated)
80 http fetch GET 200 https://registry.npmjs.org/content-type 364ms (cache updated)
81 http fetch GET 200 https://registry.npmjs.org/http-errors 372ms (cache updated)
82 http fetch GET 200 https://registry.npmjs.org/accepts 379ms (cache updated)
83 http fetch GET 200 https://registry.npmjs.org/cookie 380ms (cache updated)
84 http fetch GET 200 https://registry.npmjs.org/type-is 385ms (cache updated)
85 http fetch GET 200 https://registry.npmjs.org/on-finished 385ms (cache updated)
86 http fetch GET 200 https://registry.npmjs.org/send 397ms (cache updated)
87 http fetch GET 200 https://registry.npmjs.org/safe-buffer 390ms (cache updated)
88 http fetch GET 200 https://registry.npmjs.org/encodeurl 393ms (cache updated)
89 http fetch GET 200 https://registry.npmjs.org/range-parser 386ms (cache updated)
90 http fetch GET 200 https://registry.npmjs.org/setprototypeof 383ms (cache updated)
91 http fetch GET 200 https://registry.npmjs.org/merge-descriptors 382ms (cache updated)
92 http fetch GET 200 https://registry.npmjs.org/array-flatten 387ms (cache updated)
93 http fetch GET 200 https://registry.npmjs.org/proxy-addr 398ms (cache updated)
94 http fetch GET 200 https://registry.npmjs.org/parseurl 401ms (cache updated)
95 http fetch GET 200 https://registry.npmjs.org/cookie-signature 386ms (cache updated)
96 http fetch GET 200 https://registry.npmjs.org/content-disposition 386ms (cache updated)
97 http fetch GET 200 https://registry.npmjs.org/body-parser 402ms (cache updated)
98 http fetch GET 200 https://registry.npmjs.org/finalhandler 396ms (cache updated)
99 http fetch GET 200 https://registry.npmjs.org/debug 412ms (cache updated)
100 http fetch GET 200 https://registry.npmjs.org/serve-static 398ms (cache updated)
101 http fetch GET 200 https://registry.npmjs.org/path-to-regexp 399ms (cache updated)
102 http fetch GET 200 https://registry.npmjs.org/qs 425ms (cache updated)
103 timing idealTree:#root Completed in 755ms
104 silly placeDep ROOT accepts@1.3.8 OK for: express@4.21.2 want: ~1.3.8
105 silly placeDep ROOT array-flatten@1.1.1 OK for: express@4.21.2 want: 1.1.1
106 silly placeDep ROOT body-parser@1.20.3 OK for: express@4.21.2 want: 1.20.3
107 silly placeDep ROOT content-disposition@0.5.4 OK for: express@4.21.2 want: 0.5.4
108 silly placeDep ROOT content-type@1.0.5 OK for: express@4.21.2 want: ~1.0.4
109 silly placeDep ROOT cookie@0.7.1 OK for: express@4.21.2 want: 0.7.1
110 silly placeDep ROOT cookie-signature@1.0.6 OK for: express@4.21.2 want: 1.0.6
111 silly placeDep ROOT debug@2.6.9 OK for: express@4.21.2 want: 2.6.9
112 silly placeDep ROOT depd@2.0.0 OK for: express@4.21.2 want: 2.0.0
113 silly placeDep ROOT encodeurl@2.0.0 OK for: express@4.21.2 want: ~2.0.0
114 silly placeDep ROOT escape-html@1.0.3 OK for: express@4.21.2 want: ~1.0.3
115 silly placeDep ROOT etag@1.8.1 OK for: express@4.21.2 want: ~1.8.1
116 silly placeDep ROOT finalhandler@1.3.1 OK for: express@4.21.2 want: 1.3.1
117 silly placeDep ROOT fresh@0.5.2 OK for: express@4.21.2 want: 0.5.2
118 silly placeDep ROOT http-errors@2.0.0 OK for: express@4.21.2 want: 2.0.0
119 silly placeDep ROOT merge-descriptors@1.0.3 OK for: express@4.21.2 want: 1.0.3
120 silly placeDep ROOT methods@1.1.2 OK for: express@4.21.2 want: ~1.1.2
121 silly placeDep ROOT on-finished@2.4.1 OK for: express@4.21.2 want: 2.4.1
122 silly placeDep ROOT parseurl@1.3.3 OK for: express@4.21.2 want: ~1.3.3
123 silly placeDep ROOT path-to-regexp@0.1.12 OK for: express@4.21.2 want: 0.1.12
124 silly placeDep ROOT proxy-addr@2.0.7 OK for: express@4.21.2 want: ~2.0.7
125 silly placeDep ROOT qs@6.13.0 OK for: express@4.21.2 want: 6.13.0
126 silly placeDep ROOT range-parser@1.2.1 OK for: express@4.21.2 want: ~1.2.1
127 silly placeDep ROOT safe-buffer@5.2.1 OK for: express@4.21.2 want: 5.2.1
128 silly placeDep ROOT send@0.19.0 OK for: express@4.21.2 want: 0.19.0
129 silly placeDep ROOT serve-static@1.16.2 OK for: express@4.21.2 want: 1.16.2
130 silly placeDep ROOT setprototypeof@1.2.0 OK for: express@4.21.2 want: 1.2.0
131 silly placeDep ROOT statuses@2.0.1 OK for: express@4.21.2 want: 2.0.1
132 silly placeDep ROOT type-is@1.6.18 OK for: express@4.21.2 want: ~1.6.18
133 silly placeDep ROOT utils-merge@1.0.1 OK for: express@4.21.2 want: 1.0.1
134 silly placeDep ROOT vary@1.1.2 OK for: express@4.21.2 want: ~1.1.2
135 silly fetch manifest mime-types@~2.1.34
136 silly fetch manifest negotiator@0.6.3
137 silly fetch manifest bytes@3.1.2
138 silly fetch manifest unpipe@1.0.0
139 silly fetch manifest destroy@1.2.0
140 silly fetch manifest raw-body@2.5.2
141 silly fetch manifest iconv-lite@0.4.24
142 silly fetch manifest ms@2.0.0
143 silly fetch manifest unpipe@~1.0.0
144 silly fetch manifest inherits@2.0.4
145 silly fetch manifest toidentifier@1.0.1
146 silly fetch manifest ee-first@1.1.1
147 silly fetch manifest forwarded@0.2.0
148 silly fetch manifest ipaddr.js@1.9.1
149 silly fetch manifest side-channel@^1.0.6
150 silly fetch manifest ms@2.1.3
151 silly fetch manifest mime@1.6.0
152 silly fetch manifest encodeurl@~1.0.2
153 silly fetch manifest mime-types@~2.1.24
154 silly fetch manifest media-typer@0.3.0
155 http fetch GET 200 https://registry.npmjs.org/forwarded 171ms (cache updated)
156 http fetch GET 200 https://registry.npmjs.org/ee-first 173ms (cache updated)
157 http fetch GET 200 https://registry.npmjs.org/unpipe 177ms (cache updated)
158 http fetch GET 200 https://registry.npmjs.org/unpipe 182ms (cache updated)
159 http fetch GET 200 https://registry.npmjs.org/inherits 182ms (cache updated)
160 http fetch GET 200 https://registry.npmjs.org/toidentifier 182ms (cache updated)
161 http fetch GET 200 https://registry.npmjs.org/destroy 188ms (cache updated)
162 http fetch GET 200 https://registry.npmjs.org/side-channel 179ms (cache updated)
163 http fetch GET 200 https://registry.npmjs.org/bytes 193ms (cache updated)
164 http fetch GET 200 https://registry.npmjs.org/negotiator 194ms (cache updated)
165 http fetch GET 200 https://registry.npmjs.org/mime-types 196ms (cache updated)
166 http fetch GET 200 https://registry.npmjs.org/ms 198ms (cache updated)
167 http fetch GET 200 https://registry.npmjs.org/raw-body 206ms (cache updated)
168 http fetch GET 200 https://registry.npmjs.org/iconv-lite 207ms (cache updated)
169 http fetch GET 200 https://registry.npmjs.org/mime-types 197ms (cache updated)
170 http fetch GET 200 https://registry.npmjs.org/ms 201ms (cache updated)
171 http fetch GET 200 https://registry.npmjs.org/media-typer 184ms (cache updated)
172 http fetch GET 200 https://registry.npmjs.org/ipaddr.js 205ms (cache updated)
173 http fetch GET 200 https://registry.npmjs.org/mime 203ms (cache updated)
174 timing idealTree:node_modules/express Completed in 295ms
175 silly placeDep ROOT mime-types@2.1.35 OK for: accepts@1.3.8 want: ~2.1.34
176 silly placeDep ROOT negotiator@0.6.3 OK for: accepts@1.3.8 want: 0.6.3
177 silly fetch manifest mime-db@1.52.0
178 http fetch GET 200 https://registry.npmjs.org/mime-db 70ms (cache updated)
179 timing idealTree:node_modules/accepts Completed in 76ms
180 timing idealTree:node_modules/array-flatten Completed in 0ms
181 silly placeDep ROOT bytes@3.1.2 OK for: body-parser@1.20.3 want: 3.1.2
182 silly placeDep ROOT destroy@1.2.0 OK for: body-parser@1.20.3 want: 1.2.0
183 silly placeDep ROOT iconv-lite@0.4.24 OK for: body-parser@1.20.3 want: 0.4.24
184 silly placeDep ROOT raw-body@2.5.2 OK for: body-parser@1.20.3 want: 2.5.2
185 silly placeDep ROOT unpipe@1.0.0 OK for: body-parser@1.20.3 want: 1.0.0
186 silly fetch manifest safer-buffer@>= 2.1.2 < 3
187 http fetch GET 200 https://registry.npmjs.org/safer-buffer 71ms (cache updated)
188 timing idealTree:node_modules/body-parser Completed in 81ms
189 timing idealTree:node_modules/bytes Completed in 0ms
190 timing idealTree:node_modules/content-disposition Completed in 0ms
191 timing idealTree:node_modules/content-type Completed in 0ms
192 timing idealTree:node_modules/cookie Completed in 0ms
193 timing idealTree:node_modules/cookie-signature Completed in 0ms
194 silly placeDep ROOT ms@2.0.0 OK for: debug@2.6.9 want: 2.0.0
195 timing idealTree:node_modules/debug Completed in 1ms
196 timing idealTree:node_modules/depd Completed in 0ms
197 timing idealTree:node_modules/destroy Completed in 0ms
198 timing idealTree:node_modules/encodeurl Completed in 0ms
199 timing idealTree:node_modules/escape-html Completed in 0ms
200 timing idealTree:node_modules/etag Completed in 0ms
201 timing idealTree:node_modules/finalhandler Completed in 0ms
202 timing idealTree:node_modules/fresh Completed in 0ms
203 silly placeDep ROOT inherits@2.0.4 OK for: http-errors@2.0.0 want: 2.0.4
204 silly placeDep ROOT toidentifier@1.0.1 OK for: http-errors@2.0.0 want: 1.0.1
205 timing idealTree:node_modules/http-errors Completed in 2ms
206 silly placeDep ROOT safer-buffer@2.1.2 OK for: iconv-lite@0.4.24 want: >= 2.1.2 < 3
207 timing idealTree:node_modules/iconv-lite Completed in 1ms
208 timing idealTree:node_modules/inherits Completed in 0ms
209 timing idealTree:node_modules/merge-descriptors Completed in 0ms
210 timing idealTree:node_modules/methods Completed in 0ms
211 silly placeDep ROOT mime-db@1.52.0 OK for: mime-types@2.1.35 want: 1.52.0
212 timing idealTree:node_modules/mime-types Completed in 1ms
213 timing idealTree:node_modules/mime-db Completed in 0ms
214 timing idealTree:node_modules/ms Completed in 0ms
215 timing idealTree:node_modules/negotiator Completed in 0ms
216 silly placeDep ROOT ee-first@1.1.1 OK for: on-finished@2.4.1 want: 1.1.1
217 timing idealTree:node_modules/on-finished Completed in 1ms
218 timing idealTree:node_modules/ee-first Completed in 0ms
219 timing idealTree:node_modules/parseurl Completed in 0ms
220 timing idealTree:node_modules/path-to-regexp Completed in 0ms
221 silly placeDep ROOT forwarded@0.2.0 OK for: proxy-addr@2.0.7 want: 0.2.0
222 silly placeDep ROOT ipaddr.js@1.9.1 OK for: proxy-addr@2.0.7 want: 1.9.1
223 timing idealTree:node_modules/proxy-addr Completed in 3ms
224 timing idealTree:node_modules/forwarded Completed in 0ms
225 timing idealTree:node_modules/ipaddr.js Completed in 0ms
226 silly placeDep ROOT side-channel@1.1.0 OK for: qs@6.13.0 want: ^1.0.6
227 silly fetch manifest es-errors@^1.3.0
228 silly fetch manifest object-inspect@^1.13.3
229 silly fetch manifest side-channel-list@^1.0.0
230 silly fetch manifest side-channel-map@^1.0.1
231 silly fetch manifest side-channel-weakmap@^1.0.2
232 http fetch GET 200 https://registry.npmjs.org/side-channel-list 116ms (cache updated)
233 http fetch GET 200 https://registry.npmjs.org/side-channel-map 113ms (cache updated)
234 http fetch GET 200 https://registry.npmjs.org/es-errors 120ms (cache updated)
235 http fetch GET 200 https://registry.npmjs.org/side-channel-weakmap 115ms (cache updated)
236 http fetch GET 200 https://registry.npmjs.org/object-inspect 122ms (cache updated)
237 timing idealTree:node_modules/qs Completed in 128ms
238 timing idealTree:node_modules/range-parser Completed in 0ms
239 timing idealTree:node_modules/raw-body Completed in 0ms
240 timing idealTree:node_modules/safe-buffer Completed in 0ms
241 timing idealTree:node_modules/safer-buffer Completed in 0ms
242 silly placeDep node_modules/send encodeurl@1.0.2 OK for: send@0.19.0 want: ~1.0.2
243 silly placeDep ROOT mime@1.6.0 OK for: send@0.19.0 want: 1.6.0
244 silly placeDep node_modules/send ms@2.1.3 OK for: send@0.19.0 want: 2.1.3
245 timing idealTree:node_modules/send Completed in 14ms
246 timing idealTree:node_modules/mime Completed in 0ms
247 timing idealTree:node_modules/serve-static Completed in 0ms
248 timing idealTree:node_modules/setprototypeof Completed in 0ms
249 silly placeDep ROOT es-errors@1.3.0 OK for: side-channel@1.1.0 want: ^1.3.0
250 silly placeDep ROOT object-inspect@1.13.4 OK for: side-channel@1.1.0 want: ^1.13.3
251 silly placeDep ROOT side-channel-list@1.0.0 OK for: side-channel@1.1.0 want: ^1.0.0
252 silly placeDep ROOT side-channel-map@1.0.1 OK for: side-channel@1.1.0 want: ^1.0.1
253 silly placeDep ROOT side-channel-weakmap@1.0.2 OK for: side-channel@1.1.0 want: ^1.0.2
254 silly fetch manifest call-bound@^1.0.2
255 silly fetch manifest get-intrinsic@^1.2.5
256 http fetch GET 200 https://registry.npmjs.org/get-intrinsic 78ms (cache updated)
257 http fetch GET 200 https://registry.npmjs.org/call-bound 82ms (cache updated)
258 timing idealTree:node_modules/side-channel Completed in 94ms
259 timing idealTree:node_modules/es-errors Completed in 0ms
260 timing idealTree:node_modules/object-inspect Completed in 0ms
261 timing idealTree:node_modules/side-channel-list Completed in 0ms
262 silly placeDep ROOT call-bound@1.0.4 OK for: side-channel-map@1.0.1 want: ^1.0.2
263 silly placeDep ROOT get-intrinsic@1.3.0 OK for: side-channel-map@1.0.1 want: ^1.2.5
264 silly fetch manifest call-bind-apply-helpers@^1.0.2
265 silly fetch manifest es-define-property@^1.0.1
266 silly fetch manifest es-object-atoms@^1.1.1
267 silly fetch manifest function-bind@^1.1.2
268 silly fetch manifest get-proto@^1.0.1
269 silly fetch manifest gopd@^1.2.0
270 silly fetch manifest has-symbols@^1.1.0
271 silly fetch manifest hasown@^2.0.2
272 silly fetch manifest math-intrinsics@^1.1.0
273 http fetch GET 200 https://registry.npmjs.org/gopd 92ms (cache updated)
274 http fetch GET 200 https://registry.npmjs.org/hasown 95ms (cache updated)
275 http fetch GET 200 https://registry.npmjs.org/math-intrinsics 95ms (cache updated)
276 http fetch GET 200 https://registry.npmjs.org/has-symbols 96ms (cache updated)
277 http fetch GET 200 https://registry.npmjs.org/es-object-atoms 102ms (cache updated)
278 http fetch GET 200 https://registry.npmjs.org/get-proto 99ms (cache updated)
279 http fetch GET 200 https://registry.npmjs.org/call-bind-apply-helpers 105ms (cache updated)
280 http fetch GET 200 https://registry.npmjs.org/es-define-property 104ms (cache updated)
281 http fetch GET 200 https://registry.npmjs.org/function-bind 101ms (cache updated)
282 timing idealTree:node_modules/side-channel-map Completed in 110ms
283 silly placeDep ROOT call-bind-apply-helpers@1.0.2 OK for: call-bound@1.0.4 want: ^1.0.2
284 timing idealTree:node_modules/call-bound Completed in 2ms
285 silly placeDep ROOT function-bind@1.1.2 OK for: call-bind-apply-helpers@1.0.2 want: ^1.1.2
286 timing idealTree:node_modules/call-bind-apply-helpers Completed in 1ms
287 timing idealTree:node_modules/function-bind Completed in 0ms
288 silly placeDep ROOT es-define-property@1.0.1 OK for: get-intrinsic@1.3.0 want: ^1.0.1
289 silly placeDep ROOT es-object-atoms@1.1.1 OK for: get-intrinsic@1.3.0 want: ^1.1.1
290 silly placeDep ROOT get-proto@1.0.1 OK for: get-intrinsic@1.3.0 want: ^1.0.1
291 silly placeDep ROOT gopd@1.2.0 OK for: get-intrinsic@1.3.0 want: ^1.2.0
292 silly placeDep ROOT has-symbols@1.1.0 OK for: get-intrinsic@1.3.0 want: ^1.1.0
293 silly placeDep ROOT hasown@2.0.2 OK for: get-intrinsic@1.3.0 want: ^2.0.2
294 silly placeDep ROOT math-intrinsics@1.1.0 OK for: get-intrinsic@1.3.0 want: ^1.1.0
295 silly fetch manifest dunder-proto@^1.0.1
296 http fetch GET 200 https://registry.npmjs.org/dunder-proto 65ms (cache updated)
297 timing idealTree:node_modules/get-intrinsic Completed in 79ms
298 timing idealTree:node_modules/es-define-property Completed in 0ms
299 timing idealTree:node_modules/es-object-atoms Completed in 0ms
300 silly placeDep ROOT dunder-proto@1.0.1 OK for: get-proto@1.0.1 want: ^1.0.1
301 timing idealTree:node_modules/get-proto Completed in 2ms
302 timing idealTree:node_modules/dunder-proto Completed in 0ms
303 timing idealTree:node_modules/gopd Completed in 0ms
304 timing idealTree:node_modules/has-symbols Completed in 0ms
305 timing idealTree:node_modules/hasown Completed in 0ms
306 timing idealTree:node_modules/math-intrinsics Completed in 0ms
307 timing idealTree:node_modules/side-channel-weakmap Completed in 0ms
308 timing idealTree:node_modules/statuses Completed in 0ms
309 timing idealTree:node_modules/toidentifier Completed in 0ms
310 silly placeDep ROOT media-typer@0.3.0 OK for: type-is@1.6.18 want: 0.3.0
311 timing idealTree:node_modules/type-is Completed in 2ms
312 timing idealTree:node_modules/media-typer Completed in 0ms
313 timing idealTree:node_modules/unpipe Completed in 0ms
314 timing idealTree:node_modules/utils-merge Completed in 0ms
315 timing idealTree:node_modules/vary Completed in 0ms
316 timing idealTree:node_modules/send/node_modules/encodeurl Completed in 0ms
317 timing idealTree:node_modules/send/node_modules/ms Completed in 0ms
318 timing idealTree:buildDeps Completed in 1654ms
319 timing idealTree:fixDepFlags Completed in 1ms
320 timing idealTree Completed in 1680ms
321 timing reify:loadTrees Completed in 1682ms
322 timing reify:diffTrees Completed in 4ms
323 silly reify moves {}
324 timing reify:retireShallow Completed in 2ms
325 timing reify:createSparse Completed in 13ms
326 timing reify:loadBundles Completed in 0ms
327 silly audit bulk request {
327 silly audit   express: [ '4.21.2' ],
327 silly audit   accepts: [ '1.3.8' ],
327 silly audit   'array-flatten': [ '1.1.1' ],
327 silly audit   'body-parser': [ '1.20.3' ],
327 silly audit   'content-disposition': [ '0.5.4' ],
327 silly audit   'content-type': [ '1.0.5' ],
327 silly audit   cookie: [ '0.7.1' ],
327 silly audit   'cookie-signature': [ '1.0.6' ],
327 silly audit   debug: [ '2.6.9' ],
327 silly audit   depd: [ '2.0.0' ],
327 silly audit   encodeurl: [ '2.0.0', '1.0.2' ],
327 silly audit   'escape-html': [ '1.0.3' ],
327 silly audit   etag: [ '1.8.1' ],
327 silly audit   finalhandler: [ '1.3.1' ],
327 silly audit   fresh: [ '0.5.2' ],
327 silly audit   'http-errors': [ '2.0.0' ],
327 silly audit   'merge-descriptors': [ '1.0.3' ],
327 silly audit   methods: [ '1.1.2' ],
327 silly audit   'on-finished': [ '2.4.1' ],
327 silly audit   parseurl: [ '1.3.3' ],
327 silly audit   'path-to-regexp': [ '0.1.12' ],
327 silly audit   'proxy-addr': [ '2.0.7' ],
327 silly audit   qs: [ '6.13.0' ],
327 silly audit   'range-parser': [ '1.2.1' ],
327 silly audit   'safe-buffer': [ '5.2.1' ],
327 silly audit   send: [ '0.19.0' ],
327 silly audit   'serve-static': [ '1.16.2' ],
327 silly audit   setprototypeof: [ '1.2.0' ],
327 silly audit   statuses: [ '2.0.1' ],
327 silly audit   'type-is': [ '1.6.18' ],
327 silly audit   'utils-merge': [ '1.0.1' ],
327 silly audit   vary: [ '1.1.2' ],
327 silly audit   'mime-types': [ '2.1.35' ],
327 silly audit   negotiator: [ '0.6.3' ],
327 silly audit   bytes: [ '3.1.2' ],
327 silly audit   destroy: [ '1.2.0' ],
327 silly audit   'iconv-lite': [ '0.4.24' ],
327 silly audit   'raw-body': [ '2.5.2' ],
327 silly audit   unpipe: [ '1.0.0' ],
327 silly audit   ms: [ '2.0.0', '2.1.3' ],
327 silly audit   inherits: [ '2.0.4' ],
327 silly audit   toidentifier: [ '1.0.1' ],
327 silly audit   'safer-buffer': [ '2.1.2' ],
327 silly audit   'mime-db': [ '1.52.0' ],
327 silly audit   'ee-first': [ '1.1.1' ],
327 silly audit   forwarded: [ '0.2.0' ],
327 silly audit   'ipaddr.js': [ '1.9.1' ],
327 silly audit   'side-channel': [ '1.1.0' ],
327 silly audit   mime: [ '1.6.0' ],
327 silly audit   'es-errors': [ '1.3.0' ],
327 silly audit   'object-inspect': [ '1.13.4' ],
327 silly audit   'side-channel-list': [ '1.0.0' ],
327 silly audit   'side-channel-map': [ '1.0.1' ],
327 silly audit   'side-channel-weakmap': [ '1.0.2' ],
327 silly audit   'call-bound': [ '1.0.4' ],
327 silly audit   'get-intrinsic': [ '1.3.0' ],
327 silly audit   'call-bind-apply-helpers': [ '1.0.2' ],
327 silly audit   'function-bind': [ '1.1.2' ],
327 silly audit   'es-define-property': [ '1.0.1' ],
327 silly audit   'es-object-atoms': [ '1.1.1' ],
327 silly audit   'get-proto': [ '1.0.1' ],
327 silly audit   gopd: [ '1.2.0' ],
327 silly audit   'has-symbols': [ '1.1.0' ],
327 silly audit   hasown: [ '2.0.2' ],
327 silly audit   'math-intrinsics': [ '1.1.0' ],
327 silly audit   'dunder-proto': [ '1.0.1' ],
327 silly audit   'media-typer': [ '0.3.0' ]
327 silly audit }
328 http fetch POST 200 https://registry.npmjs.org/-/npm/v1/security/advisories/bulk 356ms
329 timing auditReport:getReport Completed in 362ms
330 silly audit report {}
331 timing auditReport:init Completed in 0ms
332 timing reify:audit Completed in 362ms
333 timing reifyNode:node_modules/ee-first Completed in 412ms
334 timing reifyNode:node_modules/ms Completed in 413ms
335 timing reifyNode:node_modules/destroy Completed in 414ms
336 timing reifyNode:node_modules/path-to-regexp Completed in 414ms
337 timing reifyNode:node_modules/escape-html Completed in 414ms
338 timing reifyNode:node_modules/encodeurl Completed in 414ms
339 timing reifyNode:node_modules/array-flatten Completed in 415ms
340 timing reifyNode:node_modules/send/node_modules/ms Completed in 417ms
341 timing reifyNode:node_modules/media-typer Completed in 420ms
342 timing reifyNode:node_modules/forwarded Completed in 427ms
343 timing reifyNode:node_modules/toidentifier Completed in 427ms
344 timing reifyNode:node_modules/inherits Completed in 427ms
345 timing reifyNode:node_modules/unpipe Completed in 428ms
346 timing reifyNode:node_modules/bytes Completed in 428ms
347 timing reifyNode:node_modules/vary Completed in 428ms
348 timing reifyNode:node_modules/type-is Completed in 428ms
349 timing reifyNode:node_modules/utils-merge Completed in 428ms
350 timing reifyNode:node_modules/range-parser Completed in 429ms
351 timing reifyNode:node_modules/parseurl Completed in 429ms
352 timing reifyNode:node_modules/merge-descriptors Completed in 430ms
353 timing reifyNode:node_modules/methods Completed in 430ms
354 timing reifyNode:node_modules/http-errors Completed in 430ms
355 timing reifyNode:node_modules/fresh Completed in 429ms
356 timing reifyNode:node_modules/etag Completed in 430ms
357 timing reifyNode:node_modules/cookie-signature Completed in 430ms
358 timing reifyNode:node_modules/content-type Completed in 431ms
359 timing reifyNode:node_modules/accepts Completed in 431ms
360 timing reifyNode:node_modules/send/node_modules/encodeurl Completed in 433ms
361 timing reifyNode:node_modules/proxy-addr Completed in 435ms
362 timing reifyNode:node_modules/on-finished Completed in 436ms
363 timing reifyNode:node_modules/mime-types Completed in 444ms
364 timing reifyNode:node_modules/statuses Completed in 443ms
365 timing reifyNode:node_modules/setprototypeof Completed in 443ms
366 timing reifyNode:node_modules/serve-static Completed in 444ms
367 timing reifyNode:node_modules/cookie Completed in 443ms
368 timing reifyNode:node_modules/content-disposition Completed in 444ms
369 timing reifyNode:node_modules/safe-buffer Completed in 450ms
370 timing reifyNode:node_modules/finalhandler Completed in 449ms
371 timing reifyNode:node_modules/raw-body Completed in 456ms
372 timing reifyNode:node_modules/safer-buffer Completed in 463ms
373 timing reifyNode:node_modules/depd Completed in 462ms
374 timing reifyNode:node_modules/hasown Completed in 467ms
375 timing reifyNode:node_modules/ipaddr.js Completed in 468ms
376 timing reifyNode:node_modules/send Completed in 471ms
377 timing reifyNode:node_modules/call-bound Completed in 478ms
378 timing reifyNode:node_modules/negotiator Completed in 479ms
379 timing reifyNode:node_modules/side-channel-weakmap Completed in 488ms
380 timing reifyNode:node_modules/es-define-property Completed in 492ms
381 timing reifyNode:node_modules/side-channel-list Completed in 494ms
382 timing reifyNode:node_modules/mime Completed in 494ms
383 timing reifyNode:node_modules/gopd Completed in 523ms
384 timing reifyNode:node_modules/side-channel-map Completed in 523ms
385 timing reifyNode:node_modules/side-channel Completed in 523ms
386 timing reifyNode:node_modules/dunder-proto Completed in 527ms
387 timing reifyNode:node_modules/get-intrinsic Completed in 527ms
388 timing reifyNode:node_modules/es-object-atoms Completed in 529ms
389 timing reifyNode:node_modules/function-bind Completed in 530ms
390 timing reifyNode:node_modules/get-proto Completed in 533ms
391 timing reifyNode:node_modules/mime-db Completed in 533ms
392 timing reifyNode:node_modules/body-parser Completed in 533ms
393 timing reifyNode:node_modules/debug Completed in 534ms
394 timing reifyNode:node_modules/has-symbols Completed in 539ms
395 timing reifyNode:node_modules/call-bind-apply-helpers Completed in 541ms
396 timing reifyNode:node_modules/es-errors Completed in 541ms
397 timing reifyNode:node_modules/express Completed in 553ms
398 timing reifyNode:node_modules/math-intrinsics Completed in 558ms
399 timing reifyNode:node_modules/qs Completed in 557ms
400 timing reifyNode:node_modules/object-inspect Completed in 560ms
401 timing reifyNode:node_modules/iconv-lite Completed in 560ms
402 timing reify:unpack Completed in 563ms
403 timing reify:unretire Completed in 1ms
404 timing build:queue Completed in 4ms
405 timing build:link:node_modules/mime Completed in 3ms
406 timing build:link Completed in 3ms
407 timing build:deps Completed in 8ms
408 timing build Completed in 8ms
409 timing reify:build Completed in 9ms
410 timing reify:trash Completed in 0ms
411 timing reify:save Completed in 29ms
412 timing reify Completed in 2347ms
413 silly ADD node_modules/media-typer
414 silly ADD node_modules/dunder-proto
415 silly ADD node_modules/math-intrinsics
416 silly ADD node_modules/hasown
417 silly ADD node_modules/has-symbols
418 silly ADD node_modules/gopd
419 silly ADD node_modules/get-proto
420 silly ADD node_modules/es-object-atoms
421 silly ADD node_modules/es-define-property
422 silly ADD node_modules/function-bind
423 silly ADD node_modules/call-bind-apply-helpers
424 silly ADD node_modules/get-intrinsic
425 silly ADD node_modules/call-bound
426 silly ADD node_modules/side-channel-weakmap
427 silly ADD node_modules/side-channel-map
428 silly ADD node_modules/side-channel-list
429 silly ADD node_modules/object-inspect
430 silly ADD node_modules/es-errors
431 silly ADD node_modules/mime
432 silly ADD node_modules/side-channel
433 silly ADD node_modules/ipaddr.js
434 silly ADD node_modules/forwarded
435 silly ADD node_modules/ee-first
436 silly ADD node_modules/mime-db
437 silly ADD node_modules/safer-buffer
438 silly ADD node_modules/toidentifier
439 silly ADD node_modules/inherits
440 silly ADD node_modules/ms
441 silly ADD node_modules/unpipe
442 silly ADD node_modules/raw-body
443 silly ADD node_modules/iconv-lite
444 silly ADD node_modules/destroy
445 silly ADD node_modules/bytes
446 silly ADD node_modules/negotiator
447 silly ADD node_modules/mime-types
448 silly ADD node_modules/vary
449 silly ADD node_modules/utils-merge
450 silly ADD node_modules/type-is
451 silly ADD node_modules/statuses
452 silly ADD node_modules/setprototypeof
453 silly ADD node_modules/serve-static
454 silly ADD node_modules/send
455 silly ADD node_modules/send/node_modules/ms
456 silly ADD node_modules/send/node_modules/encodeurl
457 silly ADD node_modules/safe-buffer
458 silly ADD node_modules/range-parser
459 silly ADD node_modules/qs
460 silly ADD node_modules/proxy-addr
461 silly ADD node_modules/path-to-regexp
462 silly ADD node_modules/parseurl
463 silly ADD node_modules/on-finished
464 silly ADD node_modules/methods
465 silly ADD node_modules/merge-descriptors
466 silly ADD node_modules/http-errors
467 silly ADD node_modules/fresh
468 silly ADD node_modules/finalhandler
469 silly ADD node_modules/etag
470 silly ADD node_modules/escape-html
471 silly ADD node_modules/encodeurl
472 silly ADD node_modules/depd
473 silly ADD node_modules/debug
474 silly ADD node_modules/cookie-signature
475 silly ADD node_modules/cookie
476 silly ADD node_modules/content-type
477 silly ADD node_modules/content-disposition
478 silly ADD node_modules/body-parser
479 silly ADD node_modules/array-flatten
480 silly ADD node_modules/accepts
481 silly ADD node_modules/express
482 timing command:install Completed in 2363ms
483 verbose exit 0
484 timing npm Completed in 2420ms
485 info ok
